Student Name:   Hou Wang
Student ID:     A53241783
Student email:  how038@eng.ucsd.edu
Simulator Memory Hierarchy:
  L2$ Configuration:
    Size:  1 KB
    Sets:  8
    Assoc: 1
    Lat:   50 Cycles
    Inclusive: No
  Block Size: 128 Bytes
  Memspeed:   100 Cycles
Cache Statistics:
  total L2-cache accesses:   20000000
  total L2-cache misses:      1360589
  total L2-cache penalties: 136058900
  L2-cache miss rate:               6.80%
  avg L2-cache access time:        56.80 cycles
Total Memory accesses:  20000000
Total Memory penalties: 1136058900
avg Memory access time:         56.80 cycles
