Student Name:   Hou Wang
Student ID:     A53241783
Student email:  how038@eng.ucsd.edu
Simulator Memory Hierarchy:
  L2$ Configuration:
    Size:  1 KB
    Sets:  8
    Assoc: 1
    Lat:   50 Cycles
    Inclusive: No
  Block Size: 128 Bytes
  Memspeed:   100 Cycles
Cache Statistics:
  total L2-cache accesses:          7
  total L2-cache misses:            7
  total L2-cache penalties:       700
  L2-cache miss rate:             100.00%
  avg L2-cache access time:       150.00 cycles
Total Memory accesses:  7
Total Memory penalties: 1050
avg Memory access time:        150.00 cycles
